

Started OPTIONS "/users.json" for 127.0.0.1 at 2017-09-06 20:46:08 +0530
  [1m[36mActiveRecord::SchemaMigration Load (9.6ms)[0m  [1mSELECT "schema_migrations".* FROM "schema_migrations"[0m


Started POST "/users.json" for 127.0.0.1 at 2017-09-06 20:46:09 +0530
Processing by UsersController#create as JSON
  Parameters: {"user"=>{"email"=>"karthick@yopmail.com", "password"=>"[FILTERED]", "remember_me"=>false}}
  [1m[35mUser Load (1.8ms)[0m  SELECT  "users".* FROM "users" WHERE "users"."id" = $1  ORDER BY "users"."id" ASC LIMIT 1  [["id", 2]]
  [1m[36mUser Load (0.6ms)[0m  [1mSELECT  "users".* FROM "users" WHERE "users"."email" = $1 LIMIT 1[0m  [["email", "karthick@yopmail.com"]]
Completed 200 OK in 452ms (Views: 0.4ms | ActiveRecord: 161.0ms)


Started OPTIONS "/customers.json" for 127.0.0.1 at 2017-09-06 20:46:10 +0530


Started OPTIONS "/users/get_users.json?token=karthick@yopmail.com" for 127.0.0.1 at 2017-09-06 20:46:10 +0530


Started GET "/customers.json" for 127.0.0.1 at 2017-09-06 20:46:10 +0530
Processing by CustomersController#index as JSON
  [1m[35mUser Load (0.9ms)[0m  SELECT  "users".* FROM "users" WHERE "users"."id" = $1  ORDER BY "users"."id" ASC LIMIT 1  [["id", 2]]
  [1m[36mCustomer Load (88.2ms)[0m  [1mSELECT "customers".* FROM "customers" WHERE (customers.sales_user_id = 2) AND (is_active = 't')[0m
Completed 200 OK in 122ms (Views: 0.2ms | ActiveRecord: 89.9ms)


Started GET "/users/get_users.json?token=karthick@yopmail.com" for 127.0.0.1 at 2017-09-06 20:46:10 +0530
Processing by UsersController#get_users as JSON
  Parameters: {"token"=>"karthick@yopmail.com"}
  [1m[35mUser Load (0.4ms)[0m  SELECT  "users".* FROM "users" WHERE "users"."id" = $1  ORDER BY "users"."id" ASC LIMIT 1  [["id", 2]]
  [1m[36mUser Load (0.5ms)[0m  [1mSELECT "users".* FROM "users" WHERE (id IN (2))[0m
Completed 200 OK in 7ms (Views: 0.2ms | ActiveRecord: 0.9ms)


Started OPTIONS "/contacts.json" for 127.0.0.1 at 2017-09-06 20:46:15 +0530


Started OPTIONS "/customers/get_customers.json?token=karthick@yopmail.com" for 127.0.0.1 at 2017-09-06 20:46:15 +0530


Started GET "/contacts.json" for 127.0.0.1 at 2017-09-06 20:46:15 +0530
Processing by ContactsController#index as JSON
  [1m[35mUser Load (0.4ms)[0m  SELECT  "users".* FROM "users" WHERE "users"."id" = $1  ORDER BY "users"."id" ASC LIMIT 1  [["id", 2]]
  [1m[36mContact Load (193.7ms)[0m  [1mSELECT "contacts".* FROM "contacts" WHERE (contacts.sales_user_id = 2) AND (is_active = 't')[0m
Completed 200 OK in 203ms (Views: 0.2ms | ActiveRecord: 194.9ms)


Started GET "/customers/get_customers.json?token=karthick@yopmail.com" for 127.0.0.1 at 2017-09-06 20:46:16 +0530
Processing by CustomersController#get_customers as JSON
  Parameters: {"token"=>"karthick@yopmail.com"}
  [1m[35mUser Load (0.4ms)[0m  SELECT  "users".* FROM "users" WHERE "users"."id" = $1  ORDER BY "users"."id" ASC LIMIT 1  [["id", 2]]
  [1m[36mUser Load (0.7ms)[0m  [1mSELECT "users".* FROM "users" INNER JOIN "customers" ON "customers"."user_id" = "users"."id" WHERE (role IN ('Customer')) AND (customers.sales_user_id = 2 AND customers.is_active = 't')[0m
Completed 200 OK in 35ms (Views: 0.2ms | ActiveRecord: 1.0ms)


Started OPTIONS "/notes.json" for 127.0.0.1 at 2017-09-06 20:46:19 +0530


Started GET "/customers/get_customers.json?token=karthick@yopmail.com" for 127.0.0.1 at 2017-09-06 20:46:19 +0530
Processing by CustomersController#get_customers as JSON
  Parameters: {"token"=>"karthick@yopmail.com"}
  [1m[35mUser Load (1.3ms)[0m  SELECT  "users".* FROM "users" WHERE "users"."id" = $1  ORDER BY "users"."id" ASC LIMIT 1  [["id", 2]]
  [1m[36mUser Load (0.6ms)[0m  [1mSELECT "users".* FROM "users" INNER JOIN "customers" ON "customers"."user_id" = "users"."id" WHERE (role IN ('Customer')) AND (customers.sales_user_id = 2 AND customers.is_active = 't')[0m
Completed 200 OK in 7ms (Views: 0.1ms | ActiveRecord: 2.0ms)


Started OPTIONS "/contacts/get_contacts.json?token=karthick@yopmail.com" for 127.0.0.1 at 2017-09-06 20:46:19 +0530


Started GET "/notes.json" for 127.0.0.1 at 2017-09-06 20:46:19 +0530
Processing by NotesController#index as JSON
  [1m[35mUser Load (0.3ms)[0m  SELECT  "users".* FROM "users" WHERE "users"."id" = $1  ORDER BY "users"."id" ASC LIMIT 1  [["id", 2]]
  [1m[36mNote Load (158.4ms)[0m  [1mSELECT "notes".* FROM "notes" WHERE (notes.sales_user_id = 2) AND (is_active = 't')[0m
Completed 200 OK in 166ms (Views: 0.1ms | ActiveRecord: 159.5ms)


Started GET "/contacts/get_contacts.json?token=karthick@yopmail.com" for 127.0.0.1 at 2017-09-06 20:46:20 +0530
Processing by ContactsController#get_contacts as JSON
  Parameters: {"token"=>"karthick@yopmail.com"}
  [1m[35mUser Load (0.3ms)[0m  SELECT  "users".* FROM "users" WHERE "users"."id" = $1  ORDER BY "users"."id" ASC LIMIT 1  [["id", 2]]
  [1m[36mUser Load (3.5ms)[0m  [1mSELECT "users".* FROM "users" INNER JOIN "contacts" ON "contacts"."user_id" = "users"."id" WHERE (role IN ('Contact')) AND (contacts.sales_user_id = 2 AND contacts.is_active = 't')[0m
Completed 200 OK in 8ms (Views: 0.1ms | ActiveRecord: 3.8ms)


Started OPTIONS "/sales_orders.json" for 127.0.0.1 at 2017-09-06 20:46:34 +0530


Started GET "/sales_orders.json" for 127.0.0.1 at 2017-09-06 20:46:34 +0530
Processing by SalesOrdersController#index as JSON
  [1m[35mUser Load (0.3ms)[0m  SELECT  "users".* FROM "users" WHERE "users"."id" = $1  ORDER BY "users"."id" ASC LIMIT 1  [["id", 2]]
  [1m[36mSalesOrder Load (93.4ms)[0m  [1mSELECT "sales_orders".* FROM "sales_orders" WHERE (sales_orders.sales_user_id = 2)[0m
Completed 200 OK in 136ms (Views: 0.2ms | ActiveRecord: 117.4ms)


Started OPTIONS "/items.json" for 127.0.0.1 at 2017-09-06 20:51:53 +0530


Started OPTIONS "/suppliers/get_suppliers.json" for 127.0.0.1 at 2017-09-06 20:51:53 +0530


Started OPTIONS "/categories/get_categories.json" for 127.0.0.1 at 2017-09-06 20:51:53 +0530


Started GET "/items.json" for 127.0.0.1 at 2017-09-06 20:51:53 +0530
Processing by ItemsController#index as JSON
  [1m[35mUser Load (1.6ms)[0m  SELECT  "users".* FROM "users" WHERE "users"."id" = $1  ORDER BY "users"."id" ASC LIMIT 1  [["id", 2]]
  [1m[36mItem Load (26.7ms)[0m  [1mSELECT "items".* FROM "items" WHERE (items.sales_user_id = 2) AND (is_active = 't')[0m
  [1m[35m (16.0ms)[0m  SELECT "purchase_order_items"."purchase_order_id" FROM "purchase_order_items" WHERE "purchase_order_items"."item_id" = $1  [["item_id", 1]]
  [1m[36m (7.0ms)[0m  [1mSELECT "warehouse_location_items"."warehouse_location_id" FROM "warehouse_location_items" WHERE "warehouse_location_items"."item_id" = $1[0m  [["item_id", 1]]
  [1m[35mCategory Load (31.7ms)[0m  SELECT  "categories".* FROM "categories" WHERE "categories"."id" = $1 LIMIT 1  [["id", 1]]
  [1m[36mUser Load (0.5ms)[0m  [1mSELECT  "users".* FROM "users" WHERE "users"."id" = $1 LIMIT 1[0m  [["id", 2]]
  [1m[35mCACHE (0.0ms)[0m  SELECT  "users".* FROM "users" WHERE "users"."id" = $1 LIMIT 1  [["id", 2]]
  [1m[36mPurchaseOrder Load (6.2ms)[0m  [1mSELECT "purchase_orders".* FROM "purchase_orders" WHERE (is_active = 't') AND (id IN (NULL))[0m
  [1m[35mWarehouseLocation Load (5.4ms)[0m  SELECT "warehouse_locations".* FROM "warehouse_locations" WHERE (is_active = 't') AND (id IN (1))
  [1m[36mWarehouse Load (0.4ms)[0m  [1mSELECT  "warehouses".* FROM "warehouses" WHERE "warehouses"."id" = $1 LIMIT 1[0m  [["id", 1]]
  [1m[35mCACHE (0.0ms)[0m  SELECT  "users".* FROM "users" WHERE "users"."id" = $1 LIMIT 1  [["id", 2]]
  [1m[36mCACHE (0.0ms)[0m  [1mSELECT  "users".* FROM "users" WHERE "users"."id" = $1 LIMIT 1[0m  [["id", 2]]
  [1m[35mWarehouseLocationItem Load (0.3ms)[0m  SELECT "warehouse_location_items".* FROM "warehouse_location_items" WHERE "warehouse_location_items"."warehouse_location_id" = $1  [["warehouse_location_id", 1]]
  [1m[36mItem Load (0.3ms)[0m  [1mSELECT  "items".* FROM "items" WHERE (items.sales_user_id = 2) AND (is_active = 't') AND "items"."id" = $1 LIMIT 1[0m  [["id", 1]]
  [1m[35mCACHE (0.0ms)[0m  SELECT  "users".* FROM "users" WHERE "users"."id" = $1 LIMIT 1  [["id", 2]]
  [1m[36mCACHE (0.0ms)[0m  [1mSELECT  "users".* FROM "users" WHERE "users"."id" = $1 LIMIT 1[0m  [["id", 2]]
Completed 200 OK in 289ms (Views: 0.8ms | ActiveRecord: 118.9ms)


Started GET "/suppliers/get_suppliers.json" for 127.0.0.1 at 2017-09-06 20:51:53 +0530
Processing by SuppliersController#get_suppliers as JSON
  [1m[35mUser Load (0.3ms)[0m  SELECT  "users".* FROM "users" WHERE "users"."id" = $1  ORDER BY "users"."id" ASC LIMIT 1  [["id", 2]]
  [1m[36mSupplier Load (0.6ms)[0m  [1mSELECT "suppliers".* FROM "suppliers" WHERE (suppliers.sales_user_id = 2 AND suppliers.is_active = 't')[0m
Completed 200 OK in 5ms (Views: 0.1ms | ActiveRecord: 1.6ms)


Started GET "/categories/get_categories.json" for 127.0.0.1 at 2017-09-06 20:51:53 +0530
Processing by CategoriesController#get_categories as JSON
  [1m[35mUser Load (0.3ms)[0m  SELECT  "users".* FROM "users" WHERE "users"."id" = $1  ORDER BY "users"."id" ASC LIMIT 1  [["id", 2]]
  [1m[36mCategory Load (0.4ms)[0m  [1mSELECT "categories".* FROM "categories" WHERE (categories.sales_user_id = 2 AND categories.is_active = 't')[0m
Completed 200 OK in 9ms (Views: 0.3ms | ActiveRecord: 0.7ms)


Started OPTIONS "/categories.json" for 127.0.0.1 at 2017-09-06 21:02:27 +0530


Started OPTIONS "/users/get_users.json" for 127.0.0.1 at 2017-09-06 21:02:28 +0530


Started GET "/categories.json" for 127.0.0.1 at 2017-09-06 21:02:28 +0530
Processing by CategoriesController#index as JSON
  [1m[35mUser Load (0.3ms)[0m  SELECT  "users".* FROM "users" WHERE "users"."id" = $1  ORDER BY "users"."id" ASC LIMIT 1  [["id", 2]]
  [1m[36mCategory Load (0.5ms)[0m  [1mSELECT "categories".* FROM "categories" WHERE (categories.sales_user_id = 2) AND (is_active = 't')[0m
  [1m[35mUser Load (2.8ms)[0m  SELECT  "users".* FROM "users" WHERE "users"."id" = $1 LIMIT 1  [["id", 2]]
  [1m[36mCACHE (0.0ms)[0m  [1mSELECT  "users".* FROM "users" WHERE "users"."id" = $1 LIMIT 1[0m  [["id", 2]]
  [1m[35mItem Load (0.2ms)[0m  SELECT "items".* FROM "items" WHERE "items"."category_id" = $1 AND (is_active = 't')  [["category_id", 1]]
  [1m[36m (0.6ms)[0m  [1mSELECT "purchase_order_items"."purchase_order_id" FROM "purchase_order_items" WHERE "purchase_order_items"."item_id" = $1[0m  [["item_id", 1]]
  [1m[35m (0.2ms)[0m  SELECT "warehouse_location_items"."warehouse_location_id" FROM "warehouse_location_items" WHERE "warehouse_location_items"."item_id" = $1  [["item_id", 1]]
  [1m[36mCACHE (0.0ms)[0m  [1mSELECT  "users".* FROM "users" WHERE "users"."id" = $1 LIMIT 1[0m  [["id", 2]]
  [1m[35mCACHE (0.0ms)[0m  SELECT  "users".* FROM "users" WHERE "users"."id" = $1 LIMIT 1  [["id", 2]]
  [1m[36mPurchaseOrder Load (0.4ms)[0m  [1mSELECT "purchase_orders".* FROM "purchase_orders" WHERE (is_active = 't') AND (id IN (NULL))[0m
  [1m[35mWarehouseLocation Load (0.3ms)[0m  SELECT "warehouse_locations".* FROM "warehouse_locations" WHERE (is_active = 't') AND (id IN (1))
  [1m[36mWarehouse Load (0.4ms)[0m  [1mSELECT  "warehouses".* FROM "warehouses" WHERE "warehouses"."id" = $1 LIMIT 1[0m  [["id", 1]]
  [1m[35mCACHE (0.0ms)[0m  SELECT  "users".* FROM "users" WHERE "users"."id" = $1 LIMIT 1  [["id", 2]]
  [1m[36mCACHE (0.0ms)[0m  [1mSELECT  "users".* FROM "users" WHERE "users"."id" = $1 LIMIT 1[0m  [["id", 2]]
  [1m[35mWarehouseLocationItem Load (0.3ms)[0m  SELECT "warehouse_location_items".* FROM "warehouse_location_items" WHERE "warehouse_location_items"."warehouse_location_id" = $1  [["warehouse_location_id", 1]]
  [1m[36mItem Load (0.3ms)[0m  [1mSELECT  "items".* FROM "items" WHERE "items"."category_id" = $1 AND (is_active = 't') AND "items"."id" = $2 LIMIT 1[0m  [["category_id", 1], ["id", 1]]
  [1m[35mCACHE (0.0ms)[0m  SELECT  "users".* FROM "users" WHERE "users"."id" = $1 LIMIT 1  [["id", 2]]
  [1m[36mCACHE (0.0ms)[0m  [1mSELECT  "users".* FROM "users" WHERE "users"."id" = $1 LIMIT 1[0m  [["id", 2]]
Completed 200 OK in 38ms (Views: 0.7ms | ActiveRecord: 6.4ms)


Started GET "/users/get_users.json" for 127.0.0.1 at 2017-09-06 21:02:28 +0530
Processing by UsersController#get_users as JSON
  [1m[35mUser Load (0.3ms)[0m  SELECT  "users".* FROM "users" WHERE "users"."id" = $1  ORDER BY "users"."id" ASC LIMIT 1  [["id", 2]]
  [1m[36mUser Load (1.9ms)[0m  [1mSELECT "users".* FROM "users" WHERE (id IN (2))[0m
Completed 200 OK in 5ms (Views: 0.2ms | ActiveRecord: 2.2ms)


Started GET "/items.json" for 127.0.0.1 at 2017-09-06 21:04:53 +0530
Processing by ItemsController#index as JSON
  [1m[35mUser Load (5.4ms)[0m  SELECT  "users".* FROM "users" WHERE "users"."id" = $1  ORDER BY "users"."id" ASC LIMIT 1  [["id", 2]]
  [1m[36mItem Load (0.4ms)[0m  [1mSELECT "items".* FROM "items" WHERE (items.sales_user_id = 2) AND (is_active = 't')[0m
  [1m[35m (2.3ms)[0m  SELECT "purchase_order_items"."purchase_order_id" FROM "purchase_order_items" WHERE "purchase_order_items"."item_id" = $1  [["item_id", 1]]
  [1m[36m (3.4ms)[0m  [1mSELECT "warehouse_location_items"."warehouse_location_id" FROM "warehouse_location_items" WHERE "warehouse_location_items"."item_id" = $1[0m  [["item_id", 1]]
  [1m[35mCategory Load (0.3ms)[0m  SELECT  "categories".* FROM "categories" WHERE "categories"."id" = $1 LIMIT 1  [["id", 1]]
  [1m[36mUser Load (1.7ms)[0m  [1mSELECT  "users".* FROM "users" WHERE "users"."id" = $1 LIMIT 1[0m  [["id", 2]]
  [1m[35mCACHE (0.0ms)[0m  SELECT  "users".* FROM "users" WHERE "users"."id" = $1 LIMIT 1  [["id", 2]]
  [1m[36mPurchaseOrder Load (1.7ms)[0m  [1mSELECT "purchase_orders".* FROM "purchase_orders" WHERE (is_active = 't') AND (id IN (NULL))[0m
  [1m[35mWarehouseLocation Load (0.4ms)[0m  SELECT "warehouse_locations".* FROM "warehouse_locations" WHERE (is_active = 't') AND (id IN (1))
  [1m[36mWarehouse Load (0.3ms)[0m  [1mSELECT  "warehouses".* FROM "warehouses" WHERE "warehouses"."id" = $1 LIMIT 1[0m  [["id", 1]]
  [1m[35mCACHE (0.0ms)[0m  SELECT  "users".* FROM "users" WHERE "users"."id" = $1 LIMIT 1  [["id", 2]]
  [1m[36mCACHE (0.0ms)[0m  [1mSELECT  "users".* FROM "users" WHERE "users"."id" = $1 LIMIT 1[0m  [["id", 2]]
  [1m[35mWarehouseLocationItem Load (0.3ms)[0m  SELECT "warehouse_location_items".* FROM "warehouse_location_items" WHERE "warehouse_location_items"."warehouse_location_id" = $1  [["warehouse_location_id", 1]]
  [1m[36mItem Load (0.3ms)[0m  [1mSELECT  "items".* FROM "items" WHERE (items.sales_user_id = 2) AND (is_active = 't') AND "items"."id" = $1 LIMIT 1[0m  [["id", 1]]
  [1m[35mCACHE (0.0ms)[0m  SELECT  "users".* FROM "users" WHERE "users"."id" = $1 LIMIT 1  [["id", 2]]
  [1m[36mCACHE (0.0ms)[0m  [1mSELECT  "users".* FROM "users" WHERE "users"."id" = $1 LIMIT 1[0m  [["id", 2]]
Completed 200 OK in 41ms (Views: 0.6ms | ActiveRecord: 16.6ms)


Started GET "/suppliers/get_suppliers.json" for 127.0.0.1 at 2017-09-06 21:04:53 +0530
Processing by SuppliersController#get_suppliers as JSON
  [1m[35mUser Load (1.3ms)[0m  SELECT  "users".* FROM "users" WHERE "users"."id" = $1  ORDER BY "users"."id" ASC LIMIT 1  [["id", 2]]
  [1m[36mSupplier Load (0.4ms)[0m  [1mSELECT "suppliers".* FROM "suppliers" WHERE (suppliers.sales_user_id = 2 AND suppliers.is_active = 't')[0m
Completed 200 OK in 6ms (Views: 0.1ms | ActiveRecord: 1.7ms)


Started GET "/categories/get_categories.json" for 127.0.0.1 at 2017-09-06 21:04:53 +0530
Processing by CategoriesController#get_categories as JSON
  [1m[35mUser Load (0.3ms)[0m  SELECT  "users".* FROM "users" WHERE "users"."id" = $1  ORDER BY "users"."id" ASC LIMIT 1  [["id", 2]]
  [1m[36mCategory Load (0.5ms)[0m  [1mSELECT "categories".* FROM "categories" WHERE (categories.sales_user_id = 2 AND categories.is_active = 't')[0m
Completed 200 OK in 4ms (Views: 0.2ms | ActiveRecord: 0.8ms)


Started GET "/categories.json" for 127.0.0.1 at 2017-09-06 21:04:56 +0530
Processing by CategoriesController#index as JSON
  [1m[35mUser Load (0.9ms)[0m  SELECT  "users".* FROM "users" WHERE "users"."id" = $1  ORDER BY "users"."id" ASC LIMIT 1  [["id", 2]]
  [1m[36mCategory Load (0.4ms)[0m  [1mSELECT "categories".* FROM "categories" WHERE (categories.sales_user_id = 2) AND (is_active = 't')[0m
  [1m[35mUser Load (0.3ms)[0m  SELECT  "users".* FROM "users" WHERE "users"."id" = $1 LIMIT 1  [["id", 2]]
  [1m[36mCACHE (0.0ms)[0m  [1mSELECT  "users".* FROM "users" WHERE "users"."id" = $1 LIMIT 1[0m  [["id", 2]]
  [1m[35mItem Load (0.3ms)[0m  SELECT "items".* FROM "items" WHERE "items"."category_id" = $1 AND (is_active = 't')  [["category_id", 1]]
  [1m[36m (0.2ms)[0m  [1mSELECT "purchase_order_items"."purchase_order_id" FROM "purchase_order_items" WHERE "purchase_order_items"."item_id" = $1[0m  [["item_id", 1]]
  [1m[35m (0.2ms)[0m  SELECT "warehouse_location_items"."warehouse_location_id" FROM "warehouse_location_items" WHERE "warehouse_location_items"."item_id" = $1  [["item_id", 1]]
  [1m[36mCACHE (0.0ms)[0m  [1mSELECT  "users".* FROM "users" WHERE "users"."id" = $1 LIMIT 1[0m  [["id", 2]]
  [1m[35mCACHE (0.0ms)[0m  SELECT  "users".* FROM "users" WHERE "users"."id" = $1 LIMIT 1  [["id", 2]]
  [1m[36mPurchaseOrder Load (0.4ms)[0m  [1mSELECT "purchase_orders".* FROM "purchase_orders" WHERE (is_active = 't') AND (id IN (NULL))[0m
  [1m[35mWarehouseLocation Load (0.4ms)[0m  SELECT "warehouse_locations".* FROM "warehouse_locations" WHERE (is_active = 't') AND (id IN (1))
  [1m[36mWarehouse Load (0.3ms)[0m  [1mSELECT  "warehouses".* FROM "warehouses" WHERE "warehouses"."id" = $1 LIMIT 1[0m  [["id", 1]]
  [1m[35mCACHE (0.0ms)[0m  SELECT  "users".* FROM "users" WHERE "users"."id" = $1 LIMIT 1  [["id", 2]]
  [1m[36mCACHE (0.0ms)[0m  [1mSELECT  "users".* FROM "users" WHERE "users"."id" = $1 LIMIT 1[0m  [["id", 2]]
  [1m[35mWarehouseLocationItem Load (0.3ms)[0m  SELECT "warehouse_location_items".* FROM "warehouse_location_items" WHERE "warehouse_location_items"."warehouse_location_id" = $1  [["warehouse_location_id", 1]]
  [1m[36mItem Load (0.5ms)[0m  [1mSELECT  "items".* FROM "items" WHERE "items"."category_id" = $1 AND (is_active = 't') AND "items"."id" = $2 LIMIT 1[0m  [["category_id", 1], ["id", 1]]
  [1m[35mCACHE (0.0ms)[0m  SELECT  "users".* FROM "users" WHERE "users"."id" = $1 LIMIT 1  [["id", 2]]
  [1m[36mCACHE (0.0ms)[0m  [1mSELECT  "users".* FROM "users" WHERE "users"."id" = $1 LIMIT 1[0m  [["id", 2]]
Completed 200 OK in 26ms (Views: 0.9ms | ActiveRecord: 4.3ms)


Started GET "/users/get_users.json" for 127.0.0.1 at 2017-09-06 21:04:56 +0530
Processing by UsersController#get_users as JSON
  [1m[35mUser Load (0.4ms)[0m  SELECT  "users".* FROM "users" WHERE "users"."id" = $1  ORDER BY "users"."id" ASC LIMIT 1  [["id", 2]]
  [1m[36mUser Load (0.4ms)[0m  [1mSELECT "users".* FROM "users" WHERE (id IN (2))[0m
Completed 200 OK in 3ms (Views: 0.2ms | ActiveRecord: 0.8ms)


Started OPTIONS "/suppliers.json" for 127.0.0.1 at 2017-09-06 21:04:58 +0530


Started GET "/suppliers.json" for 127.0.0.1 at 2017-09-06 21:04:58 +0530
Processing by SuppliersController#index as JSON
  [1m[35mUser Load (0.3ms)[0m  SELECT  "users".* FROM "users" WHERE "users"."id" = $1  ORDER BY "users"."id" ASC LIMIT 1  [["id", 2]]
  [1m[36mSupplier Load (0.5ms)[0m  [1mSELECT "suppliers".* FROM "suppliers" WHERE (suppliers.sales_user_id = 2) AND (is_active = 't')[0m
Completed 200 OK in 4ms (Views: 0.1ms | ActiveRecord: 0.8ms)


Started GET "/customers.json" for 127.0.0.1 at 2017-09-06 21:06:14 +0530
Processing by CustomersController#index as JSON
  [1m[35mUser Load (2.0ms)[0m  SELECT  "users".* FROM "users" WHERE "users"."id" = $1  ORDER BY "users"."id" ASC LIMIT 1  [["id", 2]]
  [1m[36mCustomer Load (0.9ms)[0m  [1mSELECT "customers".* FROM "customers" WHERE (customers.sales_user_id = 2) AND (is_active = 't')[0m
Completed 200 OK in 5ms (Views: 0.1ms | ActiveRecord: 2.9ms)


Started GET "/users/get_users.json?token=karthick@yopmail.com" for 127.0.0.1 at 2017-09-06 21:06:14 +0530
Processing by UsersController#get_users as JSON
  Parameters: {"token"=>"karthick@yopmail.com"}
  [1m[35mUser Load (1.3ms)[0m  SELECT  "users".* FROM "users" WHERE "users"."id" = $1  ORDER BY "users"."id" ASC LIMIT 1  [["id", 2]]
  [1m[36mUser Load (0.7ms)[0m  [1mSELECT "users".* FROM "users" WHERE (id IN (2))[0m
Completed 200 OK in 5ms (Views: 0.2ms | ActiveRecord: 2.0ms)


Started GET "/contacts.json" for 127.0.0.1 at 2017-09-06 21:12:48 +0530
Processing by ContactsController#index as JSON
  [1m[35mUser Load (0.3ms)[0m  SELECT  "users".* FROM "users" WHERE "users"."id" = $1  ORDER BY "users"."id" ASC LIMIT 1  [["id", 2]]
  [1m[36mContact Load (0.4ms)[0m  [1mSELECT "contacts".* FROM "contacts" WHERE (contacts.sales_user_id = 2) AND (is_active = 't')[0m
Completed 200 OK in 3ms (Views: 0.3ms | ActiveRecord: 0.7ms)


Started GET "/customers/get_customers.json?token=karthick@yopmail.com" for 127.0.0.1 at 2017-09-06 21:12:48 +0530
Processing by CustomersController#get_customers as JSON
  Parameters: {"token"=>"karthick@yopmail.com"}
  [1m[35mUser Load (2.1ms)[0m  SELECT  "users".* FROM "users" WHERE "users"."id" = $1  ORDER BY "users"."id" ASC LIMIT 1  [["id", 2]]
  [1m[36mUser Load (1.6ms)[0m  [1mSELECT "users".* FROM "users" INNER JOIN "customers" ON "customers"."user_id" = "users"."id" WHERE (role IN ('Customer')) AND (customers.sales_user_id = 2 AND customers.is_active = 't')[0m
Completed 200 OK in 7ms (Views: 0.1ms | ActiveRecord: 3.8ms)


Started GET "/customers.json" for 127.0.0.1 at 2017-09-06 21:12:49 +0530
Processing by CustomersController#index as JSON
  [1m[35mUser Load (0.3ms)[0m  SELECT  "users".* FROM "users" WHERE "users"."id" = $1  ORDER BY "users"."id" ASC LIMIT 1  [["id", 2]]
  [1m[36mCustomer Load (0.3ms)[0m  [1mSELECT "customers".* FROM "customers" WHERE (customers.sales_user_id = 2) AND (is_active = 't')[0m
Completed 200 OK in 3ms (Views: 0.1ms | ActiveRecord: 0.7ms)


Started GET "/users/get_users.json?token=karthick@yopmail.com" for 127.0.0.1 at 2017-09-06 21:12:49 +0530
Processing by UsersController#get_users as JSON
  Parameters: {"token"=>"karthick@yopmail.com"}
  [1m[35mUser Load (0.3ms)[0m  SELECT  "users".* FROM "users" WHERE "users"."id" = $1  ORDER BY "users"."id" ASC LIMIT 1  [["id", 2]]
  [1m[36mUser Load (2.0ms)[0m  [1mSELECT "users".* FROM "users" WHERE (id IN (2))[0m
Completed 200 OK in 5ms (Views: 0.3ms | ActiveRecord: 2.4ms)


Started GET "/contacts.json" for 127.0.0.1 at 2017-09-06 21:14:22 +0530
Processing by ContactsController#index as JSON
  [1m[35mUser Load (0.3ms)[0m  SELECT  "users".* FROM "users" WHERE "users"."id" = $1  ORDER BY "users"."id" ASC LIMIT 1  [["id", 2]]
  [1m[36mContact Load (0.7ms)[0m  [1mSELECT "contacts".* FROM "contacts" WHERE (contacts.sales_user_id = 2) AND (is_active = 't')[0m
Completed 200 OK in 4ms (Views: 0.1ms | ActiveRecord: 1.0ms)


Started GET "/customers/get_customers.json?token=karthick@yopmail.com" for 127.0.0.1 at 2017-09-06 21:14:22 +0530
Processing by CustomersController#get_customers as JSON
  Parameters: {"token"=>"karthick@yopmail.com"}
  [1m[35mUser Load (1.5ms)[0m  SELECT  "users".* FROM "users" WHERE "users"."id" = $1  ORDER BY "users"."id" ASC LIMIT 1  [["id", 2]]
  [1m[36mUser Load (0.8ms)[0m  [1mSELECT "users".* FROM "users" INNER JOIN "customers" ON "customers"."user_id" = "users"."id" WHERE (role IN ('Customer')) AND (customers.sales_user_id = 2 AND customers.is_active = 't')[0m
Completed 200 OK in 8ms (Views: 0.2ms | ActiveRecord: 2.3ms)


Started OPTIONS "/employees.json" for 127.0.0.1 at 2017-09-06 21:14:46 +0530


Started GET "/users/get_users.json" for 127.0.0.1 at 2017-09-06 21:14:46 +0530
Processing by UsersController#get_users as JSON
  [1m[35mUser Load (0.9ms)[0m  SELECT  "users".* FROM "users" WHERE "users"."id" = $1  ORDER BY "users"."id" ASC LIMIT 1  [["id", 2]]
  [1m[36mUser Load (1.3ms)[0m  [1mSELECT "users".* FROM "users" WHERE (id IN (2))[0m
Completed 200 OK in 5ms (Views: 0.2ms | ActiveRecord: 2.1ms)


Started GET "/employees.json" for 127.0.0.1 at 2017-09-06 21:14:46 +0530
Processing by EmployeesController#index as JSON
  [1m[35mUser Load (0.3ms)[0m  SELECT  "users".* FROM "users" WHERE "users"."id" = $1  ORDER BY "users"."id" ASC LIMIT 1  [["id", 2]]
  [1m[36mEmployee Load (91.6ms)[0m  [1mSELECT "employees".* FROM "employees" WHERE (employees.sales_user_id = 2) AND (is_active = 't')[0m
Completed 200 OK in 109ms (Views: 0.2ms | ActiveRecord: 92.8ms)


Started OPTIONS "/payrolls.json" for 127.0.0.1 at 2017-09-06 21:17:38 +0530


Started GET "/users/get_users.json" for 127.0.0.1 at 2017-09-06 21:17:38 +0530
Processing by UsersController#get_users as JSON
  [1m[35mUser Load (1.8ms)[0m  SELECT  "users".* FROM "users" WHERE "users"."id" = $1  ORDER BY "users"."id" ASC LIMIT 1  [["id", 2]]
  [1m[36mUser Load (1.1ms)[0m  [1mSELECT "users".* FROM "users" WHERE (id IN (2))[0m
Completed 200 OK in 7ms (Views: 0.2ms | ActiveRecord: 2.9ms)


Started OPTIONS "/employees/get_employees.json" for 127.0.0.1 at 2017-09-06 21:17:38 +0530


Started GET "/payrolls.json" for 127.0.0.1 at 2017-09-06 21:17:38 +0530
Processing by PayrollsController#index as JSON
  [1m[35mUser Load (1.6ms)[0m  SELECT  "users".* FROM "users" WHERE "users"."id" = $1  ORDER BY "users"."id" ASC LIMIT 1  [["id", 2]]
  [1m[36mPayroll Load (21.6ms)[0m  [1mSELECT "payrolls".* FROM "payrolls" WHERE (payrolls.sales_user_id = 2) AND (is_active = 't')[0m
Completed 200 OK in 32ms (Views: 0.1ms | ActiveRecord: 24.1ms)


Started GET "/employees/get_employees.json" for 127.0.0.1 at 2017-09-06 21:17:38 +0530
Processing by EmployeesController#get_employees as JSON
  [1m[35mUser Load (0.4ms)[0m  SELECT  "users".* FROM "users" WHERE "users"."id" = $1  ORDER BY "users"."id" ASC LIMIT 1  [["id", 2]]
  [1m[36mUser Load (0.6ms)[0m  [1mSELECT "users".* FROM "users" INNER JOIN "employees" ON "employees"."user_id" = "users"."id" WHERE (role IN ('Employee')) AND (employees.sales_user_id = 2 AND employees.is_active = 't')[0m
Completed 200 OK in 7ms (Views: 0.1ms | ActiveRecord: 1.1ms)


Started GET "/users/get_users.json" for 127.0.0.1 at 2017-09-06 21:19:11 +0530
Processing by UsersController#get_users as JSON
  [1m[35mUser Load (5.8ms)[0m  SELECT  "users".* FROM "users" WHERE "users"."id" = $1  ORDER BY "users"."id" ASC LIMIT 1  [["id", 2]]
  [1m[36mUser Load (0.4ms)[0m  [1mSELECT "users".* FROM "users" WHERE (id IN (2))[0m
Completed 200 OK in 8ms (Views: 0.1ms | ActiveRecord: 6.2ms)


Started OPTIONS "/items/get_items.json" for 127.0.0.1 at 2017-09-06 21:19:11 +0530


Started OPTIONS "/warehouses/get_warehouses.json" for 127.0.0.1 at 2017-09-06 21:19:11 +0530


Started OPTIONS "/warehouse_locations.json" for 127.0.0.1 at 2017-09-06 21:19:11 +0530


Started GET "/warehouse_locations.json" for 127.0.0.1 at 2017-09-06 21:19:13 +0530
Processing by WarehouseLocationsController#index as JSON
  [1m[35mUser Load (1.1ms)[0m  SELECT  "users".* FROM "users" WHERE "users"."id" = $1  ORDER BY "users"."id" ASC LIMIT 1  [["id", 2]]
  [1m[36mWarehouseLocation Load (5.2ms)[0m  [1mSELECT "warehouse_locations".* FROM "warehouse_locations" WHERE (warehouse_locations.sales_user_id = 2) AND (is_active = 't')[0m
  [1m[35mWarehouse Load (1.6ms)[0m  SELECT  "warehouses".* FROM "warehouses" WHERE "warehouses"."id" = $1 LIMIT 1  [["id", 1]]
  [1m[36mUser Load (1.4ms)[0m  [1mSELECT  "users".* FROM "users" WHERE "users"."id" = $1 LIMIT 1[0m  [["id", 2]]
  [1m[35mCACHE (0.0ms)[0m  SELECT  "users".* FROM "users" WHERE "users"."id" = $1 LIMIT 1  [["id", 2]]
  [1m[36mWarehouseLocationItem Load (0.4ms)[0m  [1mSELECT "warehouse_location_items".* FROM "warehouse_location_items" WHERE "warehouse_location_items"."warehouse_location_id" = $1[0m  [["warehouse_location_id", 1]]
  [1m[35mItem Load (1.0ms)[0m  SELECT  "items".* FROM "items" WHERE "items"."id" = $1 LIMIT 1  [["id", 1]]
  [1m[36mCACHE (0.0ms)[0m  [1mSELECT  "users".* FROM "users" WHERE "users"."id" = $1 LIMIT 1[0m  [["id", 2]]
  [1m[35mCACHE (0.0ms)[0m  SELECT  "users".* FROM "users" WHERE "users"."id" = $1 LIMIT 1  [["id", 2]]
Completed 200 OK in 24ms (Views: 0.4ms | ActiveRecord: 10.6ms)


Started GET "/items/get_items.json" for 127.0.0.1 at 2017-09-06 21:19:13 +0530
Processing by ItemsController#get_items as JSON
  [1m[36mUser Load (1.5ms)[0m  [1mSELECT  "users".* FROM "users" WHERE "users"."id" = $1  ORDER BY "users"."id" ASC LIMIT 1[0m  [["id", 2]]
  [1m[35mItem Load (0.5ms)[0m  SELECT "items".* FROM "items" WHERE (items.sales_user_id = 2 AND items.is_active = 't')
Completed 200 OK in 4ms (Views: 0.2ms | ActiveRecord: 2.0ms)


Started GET "/warehouses/get_warehouses.json" for 127.0.0.1 at 2017-09-06 21:19:13 +0530
Processing by WarehousesController#get_warehouses as JSON
  [1m[36mUser Load (0.4ms)[0m  [1mSELECT  "users".* FROM "users" WHERE "users"."id" = $1  ORDER BY "users"."id" ASC LIMIT 1[0m  [["id", 2]]
  [1m[35mWarehouse Load (1.3ms)[0m  SELECT "warehouses".* FROM "warehouses" WHERE (warehouses.sales_user_id = 2 AND warehouses.is_active = 't')
Completed 200 OK in 4ms (Views: 0.2ms | ActiveRecord: 1.6ms)


Started OPTIONS "/accounts/get_accounts.json" for 127.0.0.1 at 2017-09-06 21:23:18 +0530


Started OPTIONS "/accounts/get_marketplaces.json" for 127.0.0.1 at 2017-09-06 21:23:18 +0530


Started GET "/accounts/get_accounts.json" for 127.0.0.1 at 2017-09-06 21:23:18 +0530
Processing by AccountsController#get_accounts as JSON
  [1m[36mUser Load (2.3ms)[0m  [1mSELECT  "users".* FROM "users" WHERE "users"."id" = $1  ORDER BY "users"."id" ASC LIMIT 1[0m  [["id", 2]]
  [1m[35mAccount Load (0.4ms)[0m  SELECT "accounts".* FROM "accounts" WHERE "accounts"."user_id" = $1  [["user_id", 2]]
Completed 200 OK in 50ms (Views: 12.1ms | ActiveRecord: 4.1ms)


Started GET "/accounts/get_marketplaces.json" for 127.0.0.1 at 2017-09-06 21:23:18 +0530
Processing by AccountsController#get_marketplaces as JSON
  [1m[36mUser Load (1.6ms)[0m  [1mSELECT  "users".* FROM "users" WHERE "users"."id" = $1  ORDER BY "users"."id" ASC LIMIT 1[0m  [["id", 2]]
  [1m[35mMarketplace Load (0.6ms)[0m  SELECT "marketplaces".* FROM "marketplaces"
Completed 200 OK in 21ms (Views: 11.6ms | ActiveRecord: 4.4ms)


Started OPTIONS "/sales_order_invoices.json" for 127.0.0.1 at 2017-09-06 21:26:54 +0530


Started GET "/sales_order_invoices.json" for 127.0.0.1 at 2017-09-06 21:26:55 +0530
Processing by SalesOrderInvoicesController#index as JSON
  [1m[36mUser Load (0.6ms)[0m  [1mSELECT  "users".* FROM "users" WHERE "users"."id" = $1  ORDER BY "users"."id" ASC LIMIT 1[0m  [["id", 2]]
  [1m[35mInvoice Load (25.0ms)[0m  SELECT "invoices".* FROM "invoices" WHERE (invoices.sales_user_id = 2)
Completed 200 OK in 37ms (Views: 0.1ms | ActiveRecord: 26.3ms)


Started GET "/sales_orders.json" for 127.0.0.1 at 2017-09-06 21:27:02 +0530
Processing by SalesOrdersController#index as JSON
  [1m[36mUser Load (0.3ms)[0m  [1mSELECT  "users".* FROM "users" WHERE "users"."id" = $1  ORDER BY "users"."id" ASC LIMIT 1[0m  [["id", 2]]
  [1m[35mSalesOrder Load (0.4ms)[0m  SELECT "sales_orders".* FROM "sales_orders" WHERE (sales_orders.sales_user_id = 2)
Completed 200 OK in 4ms (Views: 0.1ms | ActiveRecord: 0.7ms)


Started OPTIONS "/sales_orders/get_sales_orders.json" for 127.0.0.1 at 2017-09-06 21:27:07 +0530


Started GET "/sales_orders/get_sales_orders.json" for 127.0.0.1 at 2017-09-06 21:27:08 +0530
Processing by SalesOrdersController#get_sales_orders as JSON
  [1m[36mUser Load (1.5ms)[0m  [1mSELECT  "users".* FROM "users" WHERE "users"."id" = $1  ORDER BY "users"."id" ASC LIMIT 1[0m  [["id", 2]]
  [1m[35mSalesOrder Load (0.5ms)[0m  SELECT "sales_orders".* FROM "sales_orders" WHERE (sales_orders.sales_user_id = 2 AND sales_orders.is_active = 't')
Completed 200 OK in 4ms (Views: 0.1ms | ActiveRecord: 2.0ms)


Started GET "/sales_orders.json" for 127.0.0.1 at 2017-09-06 21:27:10 +0530
Processing by SalesOrdersController#index as JSON
  [1m[36mUser Load (0.5ms)[0m  [1mSELECT  "users".* FROM "users" WHERE "users"."id" = $1  ORDER BY "users"."id" ASC LIMIT 1[0m  [["id", 2]]
  [1m[35mSalesOrder Load (0.4ms)[0m  SELECT "sales_orders".* FROM "sales_orders" WHERE (sales_orders.sales_user_id = 2)
Completed 200 OK in 8ms (Views: 0.1ms | ActiveRecord: 1.0ms)


Started GET "/sales_order_invoices.json" for 127.0.0.1 at 2017-09-06 21:27:10 +0530
Processing by SalesOrderInvoicesController#index as JSON
  [1m[36mUser Load (0.3ms)[0m  [1mSELECT  "users".* FROM "users" WHERE "users"."id" = $1  ORDER BY "users"."id" ASC LIMIT 1[0m  [["id", 2]]
  [1m[35mInvoice Load (0.5ms)[0m  SELECT "invoices".* FROM "invoices" WHERE (invoices.sales_user_id = 2)
Completed 200 OK in 3ms (Views: 0.1ms | ActiveRecord: 0.8ms)


Started GET "/sales_orders.json" for 127.0.0.1 at 2017-09-06 21:27:38 +0530
Processing by SalesOrdersController#index as JSON
  [1m[36mUser Load (0.3ms)[0m  [1mSELECT  "users".* FROM "users" WHERE "users"."id" = $1  ORDER BY "users"."id" ASC LIMIT 1[0m  [["id", 2]]
  [1m[35mSalesOrder Load (0.5ms)[0m  SELECT "sales_orders".* FROM "sales_orders" WHERE (sales_orders.sales_user_id = 2)
Completed 200 OK in 3ms (Views: 0.1ms | ActiveRecord: 0.8ms)


Started GET "/accounts/get_accounts.json" for 127.0.0.1 at 2017-09-06 21:31:10 +0530
Processing by AccountsController#get_accounts as JSON
  [1m[36mUser Load (0.3ms)[0m  [1mSELECT  "users".* FROM "users" WHERE "users"."id" = $1  ORDER BY "users"."id" ASC LIMIT 1[0m  [["id", 2]]
  [1m[35mAccount Load (1.0ms)[0m  SELECT "accounts".* FROM "accounts" WHERE "accounts"."user_id" = $1  [["user_id", 2]]
Completed 200 OK in 6ms (Views: 3.3ms | ActiveRecord: 1.3ms)


Started GET "/accounts/get_marketplaces.json" for 127.0.0.1 at 2017-09-06 21:31:10 +0530
Processing by AccountsController#get_marketplaces as JSON
  [1m[36mUser Load (3.5ms)[0m  [1mSELECT  "users".* FROM "users" WHERE "users"."id" = $1  ORDER BY "users"."id" ASC LIMIT 1[0m  [["id", 2]]
  [1m[35mMarketplace Load (0.3ms)[0m  SELECT "marketplaces".* FROM "marketplaces"
Completed 200 OK in 7ms (Views: 1.7ms | ActiveRecord: 3.9ms)


Started OPTIONS "/users.json" for 127.0.0.1 at 2017-09-07 15:13:08 +0530
  [1m[36mActiveRecord::SchemaMigration Load (34.1ms)[0m  [1mSELECT "schema_migrations".* FROM "schema_migrations"[0m


Started POST "/users.json" for 127.0.0.1 at 2017-09-07 15:13:09 +0530
Processing by UsersController#create as JSON
  Parameters: {"user"=>{"email"=>"karthick@yopmail.com", "password"=>"[FILTERED]", "remember_me"=>false}}
  [1m[35mUser Load (15.9ms)[0m  SELECT  "users".* FROM "users" WHERE "users"."email" = $1 LIMIT 1  [["email", "karthick@yopmail.com"]]
  [1m[36m (0.2ms)[0m  [1mBEGIN[0m
  [1m[35mSQL (0.5ms)[0m  UPDATE "users" SET "last_sign_in_at" = $1, "current_sign_in_at" = $2, "sign_in_count" = $3, "updated_at" = $4 WHERE "users"."id" = $5  [["last_sign_in_at", "2017-09-06 08:47:32.929808"], ["current_sign_in_at", "2017-09-07 09:43:10.470211"], ["sign_in_count", 5], ["updated_at", "2017-09-07 09:43:10.471538"], ["id", 2]]
  [1m[36m (20.6ms)[0m  [1mCOMMIT[0m
Completed 200 OK in 473ms (Views: 0.5ms | ActiveRecord: 165.3ms)


Started OPTIONS "/customers.json" for 127.0.0.1 at 2017-09-07 15:13:11 +0530


Started OPTIONS "/users/get_users.json?token=karthick@yopmail.com" for 127.0.0.1 at 2017-09-07 15:13:11 +0530


Started GET "/customers.json" for 127.0.0.1 at 2017-09-07 15:13:11 +0530
Processing by CustomersController#index as JSON
  [1m[35mUser Load (0.3ms)[0m  SELECT  "users".* FROM "users" WHERE "users"."id" = $1  ORDER BY "users"."id" ASC LIMIT 1  [["id", 2]]
  [1m[36mCustomer Load (21.9ms)[0m  [1mSELECT "customers".* FROM "customers" WHERE (customers.sales_user_id = 2) AND (is_active = 't')[0m
Completed 200 OK in 63ms (Views: 0.1ms | ActiveRecord: 23.0ms)


Started GET "/users/get_users.json?token=karthick@yopmail.com" for 127.0.0.1 at 2017-09-07 15:13:11 +0530
Processing by UsersController#get_users as JSON
  Parameters: {"token"=>"karthick@yopmail.com"}
  [1m[35mUser Load (0.8ms)[0m  SELECT  "users".* FROM "users" WHERE "users"."id" = $1  ORDER BY "users"."id" ASC LIMIT 1  [["id", 2]]
  [1m[36mUser Load (1.8ms)[0m  [1mSELECT "users".* FROM "users" WHERE (id IN (2))[0m
Completed 200 OK in 6ms (Views: 0.2ms | ActiveRecord: 2.6ms)


Started OPTIONS "/users.json" for 127.0.0.1 at 2017-09-08 11:16:59 +0530
  [1m[36mActiveRecord::SchemaMigration Load (61.8ms)[0m  [1mSELECT "schema_migrations".* FROM "schema_migrations"[0m


Started POST "/users.json" for 127.0.0.1 at 2017-09-08 11:17:00 +0530
Processing by UsersController#create as JSON
  Parameters: {"user"=>{"email"=>"karthick@yopmail.com", "password"=>"[FILTERED]", "remember_me"=>false}}
  [1m[35mUser Load (15.6ms)[0m  SELECT  "users".* FROM "users" WHERE "users"."email" = $1 LIMIT 1  [["email", "karthick@yopmail.com"]]
  [1m[36m (0.2ms)[0m  [1mBEGIN[0m
  [1m[35mSQL (0.4ms)[0m  UPDATE "users" SET "last_sign_in_at" = $1, "current_sign_in_at" = $2, "sign_in_count" = $3, "updated_at" = $4 WHERE "users"."id" = $5  [["last_sign_in_at", "2017-09-07 09:43:10.470211"], ["current_sign_in_at", "2017-09-08 05:47:00.946387"], ["sign_in_count", 6], ["updated_at", "2017-09-08 05:47:00.947745"], ["id", 2]]
  [1m[36m (31.2ms)[0m  [1mCOMMIT[0m
Completed 200 OK in 482ms (Views: 0.3ms | ActiveRecord: 166.6ms)


Started OPTIONS "/customers.json" for 127.0.0.1 at 2017-09-08 11:17:01 +0530


Started OPTIONS "/users/get_users.json?token=karthick@yopmail.com" for 127.0.0.1 at 2017-09-08 11:17:01 +0530


Started GET "/users/get_users.json?token=karthick@yopmail.com" for 127.0.0.1 at 2017-09-08 11:17:01 +0530
Processing by UsersController#get_users as JSON
  Parameters: {"token"=>"karthick@yopmail.com"}
  [1m[35mUser Load (0.7ms)[0m  SELECT  "users".* FROM "users" WHERE "users"."id" = $1  ORDER BY "users"."id" ASC LIMIT 1  [["id", 2]]
  [1m[36mUser Load (0.5ms)[0m  [1mSELECT "users".* FROM "users" WHERE (id IN (2))[0m
Completed 200 OK in 5ms (Views: 0.1ms | ActiveRecord: 1.2ms)


Started GET "/customers.json" for 127.0.0.1 at 2017-09-08 11:17:01 +0530
Processing by CustomersController#index as JSON
  [1m[35mUser Load (0.5ms)[0m  SELECT  "users".* FROM "users" WHERE "users"."id" = $1  ORDER BY "users"."id" ASC LIMIT 1  [["id", 2]]
  [1m[36mCustomer Load (37.7ms)[0m  [1mSELECT "customers".* FROM "customers" WHERE (customers.sales_user_id = 2) AND (is_active = 't')[0m
Completed 200 OK in 80ms (Views: 0.1ms | ActiveRecord: 38.9ms)


Started OPTIONS "/accounts/get_accounts.json" for 127.0.0.1 at 2017-09-08 11:17:10 +0530


Started OPTIONS "/accounts/get_marketplaces.json" for 127.0.0.1 at 2017-09-08 11:17:10 +0530


Started GET "/accounts/get_accounts.json" for 127.0.0.1 at 2017-09-08 11:17:10 +0530
Processing by AccountsController#get_accounts as JSON
  [1m[35mUser Load (0.6ms)[0m  SELECT  "users".* FROM "users" WHERE "users"."id" = $1  ORDER BY "users"."id" ASC LIMIT 1  [["id", 2]]
  [1m[36mAccount Load (23.5ms)[0m  [1mSELECT "accounts".* FROM "accounts" WHERE "accounts"."user_id" = $1[0m  [["user_id", 2]]
Completed 200 OK in 190ms (Views: 90.0ms | ActiveRecord: 50.1ms)


Started GET "/accounts/get_marketplaces.json" for 127.0.0.1 at 2017-09-08 11:17:10 +0530
Processing by AccountsController#get_marketplaces as JSON
  [1m[35mUser Load (2.6ms)[0m  SELECT  "users".* FROM "users" WHERE "users"."id" = $1  ORDER BY "users"."id" ASC LIMIT 1  [["id", 2]]
  [1m[36mMarketplace Load (46.1ms)[0m  [1mSELECT "marketplaces".* FROM "marketplaces"[0m
Completed 200 OK in 71ms (Views: 6.5ms | ActiveRecord: 50.0ms)


Started OPTIONS "/accounts/5.json" for 127.0.0.1 at 2017-09-08 11:17:14 +0530


Started GET "/accounts/5.json" for 127.0.0.1 at 2017-09-08 11:17:14 +0530
Processing by AccountsController#show as JSON
  Parameters: {"id"=>"5"}
  [1m[35mUser Load (0.4ms)[0m  SELECT  "users".* FROM "users" WHERE "users"."id" = $1  ORDER BY "users"."id" ASC LIMIT 1  [["id", 2]]
Completed 500 Internal Server Error in 32ms (ActiveRecord: 0.4ms)

NoMethodError (undefined method `set_account' for #<AccountsController:0x007f2390cbbe38>
Did you mean?  get_accounts):
  activesupport (4.2.6) lib/active_support/callbacks.rb:432:in `block in make_lambda'
  activesupport (4.2.6) lib/active_support/callbacks.rb:145:in `block in halting_and_conditional'
  activesupport (4.2.6) lib/active_support/callbacks.rb:504:in `block in call'
  activesupport (4.2.6) lib/active_support/callbacks.rb:504:in `each'
  activesupport (4.2.6) lib/active_support/callbacks.rb:504:in `call'
  activesupport (4.2.6) lib/active_support/callbacks.rb:92:in `__run_callbacks__'
  activesupport (4.2.6) lib/active_support/callbacks.rb:778:in `_run_process_action_callbacks'
  activesupport (4.2.6) lib/active_support/callbacks.rb:81:in `run_callbacks'
  actionpack (4.2.6) lib/abstract_controller/callbacks.rb:19:in `process_action'
  actionpack (4.2.6) lib/action_controller/metal/rescue.rb:29:in `process_action'
  actionpack (4.2.6) lib/action_controller/metal/instrumentation.rb:32:in `block in process_action'
  activesupport (4.2.6) lib/active_support/notifications.rb:164:in `block in instrument'
  activesupport (4.2.6) lib/active_support/notifications/instrumenter.rb:20:in `instrument'
  activesupport (4.2.6) lib/active_support/notifications.rb:164:in `instrument'
  actionpack (4.2.6) lib/action_controller/metal/instrumentation.rb:30:in `process_action'
  actionpack (4.2.6) lib/action_controller/metal/params_wrapper.rb:250:in `process_action'
  activerecord (4.2.6) lib/active_record/railties/controller_runtime.rb:18:in `process_action'
  actionpack (4.2.6) lib/abstract_controller/base.rb:137:in `process'
  actionview (4.2.6) lib/action_view/rendering.rb:30:in `process'
  actionpack (4.2.6) lib/action_controller/metal.rb:196:in `dispatch'
  actionpack (4.2.6) lib/action_controller/metal/rack_delegation.rb:13:in `dispatch'
  actionpack (4.2.6) lib/action_controller/metal.rb:237:in `block in action'
  actionpack (4.2.6) lib/action_dispatch/routing/route_set.rb:74:in `dispatch'
  actionpack (4.2.6) lib/action_dispatch/routing/route_set.rb:43:in `serve'
  actionpack (4.2.6) lib/action_dispatch/journey/router.rb:43:in `block in serve'
  actionpack (4.2.6) lib/action_dispatch/journey/router.rb:30:in `each'
  actionpack (4.2.6) lib/action_dispatch/journey/router.rb:30:in `serve'
  actionpack (4.2.6) lib/action_dispatch/routing/route_set.rb:817:in `call'
  rack-cors (0.4.0) lib/rack/cors.rb:80:in `call'
  warden (1.2.6) lib/warden/manager.rb:35:in `block in call'
  warden (1.2.6) lib/warden/manager.rb:34:in `catch'
  warden (1.2.6) lib/warden/manager.rb:34:in `call'
  rack (1.6.5) lib/rack/etag.rb:24:in `call'
  rack (1.6.5) lib/rack/conditionalget.rb:25:in `call'
  rack (1.6.5) lib/rack/head.rb:13:in `call'
  actionpack (4.2.6) lib/action_dispatch/middleware/params_parser.rb:27:in `call'
  actionpack (4.2.6) lib/action_dispatch/middleware/flash.rb:260:in `call'
  rack (1.6.5) lib/rack/session/abstract/id.rb:225:in `context'
  rack (1.6.5) lib/rack/session/abstract/id.rb:220:in `call'
  actionpack (4.2.6) lib/action_dispatch/middleware/cookies.rb:560:in `call'
  activerecord (4.2.6) lib/active_record/query_cache.rb:36:in `call'
  activerecord (4.2.6) lib/active_record/connection_adapters/abstract/connection_pool.rb:653:in `call'
  activerecord (4.2.6) lib/active_record/migration.rb:377:in `call'
  actionpack (4.2.6) lib/action_dispatch/middleware/callbacks.rb:29:in `block in call'
  activesupport (4.2.6) lib/active_support/callbacks.rb:88:in `__run_callbacks__'
  activesupport (4.2.6) lib/active_support/callbacks.rb:778:in `_run_call_callbacks'
  activesupport (4.2.6) lib/active_support/callbacks.rb:81:in `run_callbacks'
  actionpack (4.2.6) lib/action_dispatch/middleware/callbacks.rb:27:in `call'
  actionpack (4.2.6) lib/action_dispatch/middleware/reloader.rb:73:in `call'
  actionpack (4.2.6) lib/action_dispatch/middleware/remote_ip.rb:78:in `call'
  actionpack (4.2.6) lib/action_dispatch/middleware/debug_exceptions.rb:17:in `call'
  web-console (2.3.0) lib/web_console/middleware.rb:28:in `block in call'
  web-console (2.3.0) lib/web_console/middleware.rb:18:in `catch'
  web-console (2.3.0) lib/web_console/middleware.rb:18:in `call'
  actionpack (4.2.6) lib/action_dispatch/middleware/show_exceptions.rb:30:in `call'
  railties (4.2.6) lib/rails/rack/logger.rb:38:in `call_app'
  railties (4.2.6) lib/rails/rack/logger.rb:20:in `block in call'
  activesupport (4.2.6) lib/active_support/tagged_logging.rb:68:in `block in tagged'
  activesupport (4.2.6) lib/active_support/tagged_logging.rb:26:in `tagged'
  activesupport (4.2.6) lib/active_support/tagged_logging.rb:68:in `tagged'
  railties (4.2.6) lib/rails/rack/logger.rb:20:in `call'
  actionpack (4.2.6) lib/action_dispatch/middleware/request_id.rb:21:in `call'
  rack (1.6.5) lib/rack/methodoverride.rb:22:in `call'
  rack (1.6.5) lib/rack/runtime.rb:18:in `call'
  activesupport (4.2.6) lib/active_support/cache/strategy/local_cache_middleware.rb:28:in `call'
  rack (1.6.5) lib/rack/lock.rb:17:in `call'
  actionpack (4.2.6) lib/action_dispatch/middleware/static.rb:120:in `call'
  rack (1.6.5) lib/rack/sendfile.rb:113:in `call'
  railties (4.2.6) lib/rails/engine.rb:518:in `call'
  railties (4.2.6) lib/rails/application.rb:165:in `call'
  rack (1.6.5) lib/rack/lock.rb:17:in `call'
  rack (1.6.5) lib/rack/content_length.rb:15:in `call'
  rack (1.6.5) lib/rack/handler/webrick.rb:88:in `service'
  /home/php01/.rvm/rubies/ruby-2.3.0/lib/ruby/2.3.0/webrick/httpserver.rb:140:in `service'
  /home/php01/.rvm/rubies/ruby-2.3.0/lib/ruby/2.3.0/webrick/httpserver.rb:96:in `run'
  /home/php01/.rvm/rubies/ruby-2.3.0/lib/ruby/2.3.0/webrick/server.rb:296:in `block in start_thread'


  Rendered /home/php01/.rvm/gems/ruby-2.3.0@erb/gems/actionpack-4.2.6/lib/action_dispatch/middleware/templates/rescues/_source.erb (4.4ms)
  Rendered /home/php01/.rvm/gems/ruby-2.3.0@erb/gems/actionpack-4.2.6/lib/action_dispatch/middleware/templates/rescues/_trace.html.erb (2.1ms)
  Rendered /home/php01/.rvm/gems/ruby-2.3.0@erb/gems/actionpack-4.2.6/lib/action_dispatch/middleware/templates/rescues/_request_and_response.html.erb (0.8ms)
  Rendered /home/php01/.rvm/gems/ruby-2.3.0@erb/gems/actionpack-4.2.6/lib/action_dispatch/middleware/templates/rescues/diagnostics.html.erb within rescues/layout (25.2ms)
  Rendered /home/php01/.rvm/gems/ruby-2.3.0@erb/gems/web-console-2.3.0/lib/web_console/templates/_markup.html.erb (0.4ms)
  Rendered /home/php01/.rvm/gems/ruby-2.3.0@erb/gems/web-console-2.3.0/lib/web_console/templates/_inner_console_markup.html.erb within layouts/inlined_string (0.3ms)
  Rendered /home/php01/.rvm/gems/ruby-2.3.0@erb/gems/web-console-2.3.0/lib/web_console/templates/_prompt_box_markup.html.erb within layouts/inlined_string (0.2ms)
  Rendered /home/php01/.rvm/gems/ruby-2.3.0@erb/gems/web-console-2.3.0/lib/web_console/templates/style.css.erb within layouts/inlined_string (0.3ms)
  Rendered /home/php01/.rvm/gems/ruby-2.3.0@erb/gems/web-console-2.3.0/lib/web_console/templates/console.js.erb within layouts/javascript (76.4ms)
  Rendered /home/php01/.rvm/gems/ruby-2.3.0@erb/gems/web-console-2.3.0/lib/web_console/templates/main.js.erb within layouts/javascript (0.2ms)
  Rendered /home/php01/.rvm/gems/ruby-2.3.0@erb/gems/web-console-2.3.0/lib/web_console/templates/error_page.js.erb within layouts/javascript (0.6ms)
  Rendered /home/php01/.rvm/gems/ruby-2.3.0@erb/gems/web-console-2.3.0/lib/web_console/templates/index.html.erb (102.7ms)
